-------------------------------------------------------------------------------
Test set: com.bridgelabz.FundooNote1ApplicationTests
-------------------------------------------------------------------------------
Tests run: 1, Failures: 0, Errors: 1, Skipped: 0, Time elapsed: 0.84 s <<< FAILURE! - in com.bridgelabz.FundooNote1ApplicationTests
initializationError(com.bridgelabz.FundooNote1ApplicationTests)  Time elapsed: 0.008 s  <<< ERROR!
java.lang.IllegalStateException: Unable to find a @SpringBootConfiguration, you need to use @ContextConfiguration or @SpringBootTest(classes=...) with your test

